<?xml version="1.0" encoding="UTF-8"?>
<!-- Generated by org.testng.reporters.JUnitReportReporter -->
<testsuite skipped="0" hostname="lougani-1983" name="qaclickacademy.SeleniumTest" tests="2" failures="0" timestamp="07 Dec 2018 02:19:21 GMT" time="0.048" errors="0">
  <testcase name="Browserautomation" time="0.037" classname="qaclickacademy.SeleniumTest"/>
  <testcase name="elementUi" time="0.011" classname="qaclickacademy.SeleniumTest"/>
</testsuite> <!-- qaclickacademy.SeleniumTest -->
