<?xml version="1.0" encoding="UTF-8"?>
<!-- Generated by org.testng.reporters.JUnitReportReporter -->
<testsuite skipped="0" hostname="lougani-1983" name="qaclickacademy.RESTAPITest" tests="2" failures="0" timestamp="04 Nov 2018 02:35:46 GMT" time="0.002" errors="0">
  <testcase name="postJira" time="0.001" classname="qaclickacademy.RESTAPITest"/>
  <testcase name="deletTwiter" time="0.001" classname="qaclickacademy.RESTAPITest"/>
</testsuite> <!-- qaclickacademy.RESTAPITest -->
