<?xml version="1.0" encoding="UTF-8"?>
<!-- Generated by org.testng.reporters.JUnitReportReporter -->
<testsuite skipped="0" hostname="lougani-1983" name="qaclickacademy.SeleniumTest" tests="2" failures="0" timestamp="03 Nov 2018 02:47:02 GMT" time="0.013" errors="0">
  <testcase name="Browserautomation" time="0.012" classname="qaclickacademy.SeleniumTest"/>
  <testcase name="elementUi" time="0.001" classname="qaclickacademy.SeleniumTest"/>
</testsuite> <!-- qaclickacademy.SeleniumTest -->
