<?xml version="1.0" encoding="UTF-8"?>
<!-- Generated by org.testng.reporters.JUnitReportReporter -->
<testsuite skipped="0" hostname="lougani-1983" name="qaclickacademy.AppiumTest" tests="2" failures="0" timestamp="03 Nov 2018 02:46:45 GMT" time="0.002" errors="0">
  <testcase name="NativeApAndroid" time="0.000" classname="qaclickacademy.AppiumTest"/>
  <testcase name="IOSApps" time="0.002" classname="qaclickacademy.AppiumTest"/>
</testsuite> <!-- qaclickacademy.AppiumTest -->
